app/build/intermediates/manifest_merge_blame_file/debug/manifest-merger-blame-debug-report.txt
1<?xml version="1.0" encoding="utf-8"?>
2<manifest xmlns:android="http://schemas.android.com/apk/res/android"
3    package="mx.edu.utng.firebasechat"
4    android:versionCode="1"
5    android:versionName="1.0" >
6
7    <uses-sdk
8        android:minSdkVersion="16"
8-->src\main\AndroidManifest.xml
9        android:targetSdkVersion="28" />
9-->src\main\AndroidManifest.xml
10
11    <uses-permission android:name="android.permission.READ_EXTERNAL_STORAGE" />
11-->src\main\AndroidManifest.xml:5:5-80
11-->src\main\AndroidManifest.xml:5:22-77
12    <uses-permission android:name="android.permission.INTERNET" /> <!-- Although the *SdkVersion is captured in gradle build files, this is required for non gradle builds -->
12-->[com.firebaseui:firebase-ui-database:4.3.1] AndroidManifest.xml:11:5-67
12-->[com.firebaseui:firebase-ui-database:4.3.1] AndroidManifest.xml:11:22-64
13    <!-- <uses-sdk android:minSdkVersion="14"/> -->
14    <uses-permission android:name="android.permission.ACCESS_NETWORK_STATE" />
14-->[com.google.firebase:firebase-database:16.0.6] AndroidManifest.xml:24:5-79
14-->[com.google.firebase:firebase-database:16.0.6] AndroidManifest.xml:24:22-76
15
16    <application
16-->src\main\AndroidManifest.xml:7:5-25:19
17        android:allowBackup="true"
17-->src\main\AndroidManifest.xml:8:9-35
18        android:appComponentFactory="android.support.v4.app.CoreComponentFactory"
18-->[com.android.support:support-compat:28.0.0] AndroidManifest.xml:22:18-91
19        android:debuggable="true"
20        android:icon="@mipmap/ic_launcher"
20-->src\main\AndroidManifest.xml:9:9-43
21        android:label="@string/app_name"
21-->src\main\AndroidManifest.xml:10:9-41
22        android:roundIcon="@mipmap/ic_launcher_round"
22-->src\main\AndroidManifest.xml:11:9-54
23        android:supportsRtl="true"
23-->src\main\AndroidManifest.xml:12:9-35
24        android:testOnly="true"
25        android:theme="@style/AppTheme" >
25-->src\main\AndroidManifest.xml:13:9-40
26        <activity android:name="mx.edu.utng.firebasechat.Activity.LoginActivity" >
26-->src\main\AndroidManifest.xml:14:9-20:20
26-->src\main\AndroidManifest.xml:14:19-81
27            <intent-filter>
27-->src\main\AndroidManifest.xml:15:13-19:29
28                <action android:name="android.intent.action.MAIN" />
28-->src\main\AndroidManifest.xml:16:17-69
28-->src\main\AndroidManifest.xml:16:25-66
29
30                <category android:name="android.intent.category.LAUNCHER" />
30-->src\main\AndroidManifest.xml:18:17-77
30-->src\main\AndroidManifest.xml:18:27-74
31            </intent-filter>
32        </activity>
33        <activity android:name="mx.edu.utng.firebasechat.Activity.MenuActivity" />
33-->src\main\AndroidManifest.xml:21:9-92
33-->src\main\AndroidManifest.xml:21:19-80
34        <activity android:name="mx.edu.utng.firebasechat.Activity.VerUsuariosActivity" />
34-->src\main\AndroidManifest.xml:22:9-99
34-->src\main\AndroidManifest.xml:22:19-87
35        <activity android:name="mx.edu.utng.firebasechat.Activity.RegistroActivity" />
35-->src\main\AndroidManifest.xml:23:9-96
35-->src\main\AndroidManifest.xml:23:19-84
36        <activity android:name="mx.edu.utng.firebasechat.Activity.MensajeriaActivity" />
36-->src\main\AndroidManifest.xml:24:9-98
36-->src\main\AndroidManifest.xml:24:19-86
37        <activity
37-->[com.google.firebase:firebase-auth:16.1.0] AndroidManifest.xml:24:9-31:50
38            android:name="com.google.firebase.auth.internal.FederatedSignInActivity"
38-->[com.google.firebase:firebase-auth:16.1.0] AndroidManifest.xml:25:13-85
39            android:excludeFromRecents="true"
39-->[com.google.firebase:firebase-auth:16.1.0] AndroidManifest.xml:26:13-46
40            android:exported="true"
40-->[com.google.firebase:firebase-auth:16.1.0] AndroidManifest.xml:27:13-36
41            android:launchMode="singleTask"
41-->[com.google.firebase:firebase-auth:16.1.0] AndroidManifest.xml:28:13-44
42            android:permission="com.google.firebase.auth.api.gms.permission.LAUNCH_FEDERATED_SIGN_IN"
42-->[com.google.firebase:firebase-auth:16.1.0] AndroidManifest.xml:29:13-102
43            android:theme="@android:style/Theme.Translucent.NoTitleBar" />
43-->[com.google.firebase:firebase-auth:16.1.0] AndroidManifest.xml:30:13-72
44
45        <service
45-->[com.google.firebase:firebase-auth:16.1.0] AndroidManifest.xml:33:9-39:19
46            android:name="com.google.firebase.components.ComponentDiscoveryService"
46-->[com.google.firebase:firebase-auth:16.1.0] AndroidManifest.xml:34:13-84
47            android:exported="false" >
47-->[com.google.firebase:firebase-auth:16.1.0] AndroidManifest.xml:35:13-37
48            <meta-data
48-->[com.google.firebase:firebase-auth:16.1.0] AndroidManifest.xml:36:13-38:85
49                android:name="com.google.firebase.components:com.google.firebase.auth.FirebaseAuthRegistrar"
49-->[com.google.firebase:firebase-auth:16.1.0] AndroidManifest.xml:37:17-109
50                android:value="com.google.firebase.components.ComponentRegistrar" />
50-->[com.google.firebase:firebase-auth:16.1.0] AndroidManifest.xml:38:17-82
51        </service>
52
53        <provider
53-->[com.kbeanie:multipicker:1.5] AndroidManifest.xml:12:9-20:20
54            android:name="com.kbeanie.multipicker.utils.AMPFileProvider"
54-->[com.kbeanie:multipicker:1.5] AndroidManifest.xml:13:13-73
55            android:authorities="mx.edu.utng.firebasechat.multipicker.fileprovider"
55-->[com.kbeanie:multipicker:1.5] AndroidManifest.xml:14:13-76
56            android:exported="false"
56-->[com.kbeanie:multipicker:1.5] AndroidManifest.xml:15:13-37
57            android:grantUriPermissions="true" >
57-->[com.kbeanie:multipicker:1.5] AndroidManifest.xml:16:13-47
58            <meta-data
58-->[com.kbeanie:multipicker:1.5] AndroidManifest.xml:17:13-19:49
59                android:name="android.support.FILE_PROVIDER_PATHS"
59-->[com.kbeanie:multipicker:1.5] AndroidManifest.xml:18:17-67
60                android:resource="@xml/paths" />
60-->[com.kbeanie:multipicker:1.5] AndroidManifest.xml:19:17-46
61        </provider>
62
63        <activity
63-->[com.google.android.gms:play-services-base:16.0.1] AndroidManifest.xml:23:9-26:75
64            android:name="com.google.android.gms.common.api.GoogleApiActivity"
64-->[com.google.android.gms:play-services-base:16.0.1] AndroidManifest.xml:24:13-79
65            android:exported="false"
65-->[com.google.android.gms:play-services-base:16.0.1] AndroidManifest.xml:25:13-37
66            android:theme="@android:style/Theme.Translucent.NoTitleBar" />
66-->[com.google.android.gms:play-services-base:16.0.1] AndroidManifest.xml:26:13-72
67
68        <provider
68-->[com.google.firebase:firebase-common:16.0.4] AndroidManifest.xml:10:9-14:39
69            android:name="com.google.firebase.provider.FirebaseInitProvider"
69-->[com.google.firebase:firebase-common:16.0.4] AndroidManifest.xml:11:13-77
70            android:authorities="mx.edu.utng.firebasechat.firebaseinitprovider"
70-->[com.google.firebase:firebase-common:16.0.4] AndroidManifest.xml:12:13-72
71            android:exported="false"
71-->[com.google.firebase:firebase-common:16.0.4] AndroidManifest.xml:13:13-37
72            android:initOrder="100" />
72-->[com.google.firebase:firebase-common:16.0.4] AndroidManifest.xml:14:13-36
73
74        <meta-data
74-->[com.google.android.gms:play-services-basement:16.1.0] AndroidManifest.xml:23:9-25:69
75            android:name="com.google.android.gms.version"
75-->[com.google.android.gms:play-services-basement:16.1.0] AndroidManifest.xml:24:13-58
76            android:value="@integer/google_play_services_version" />
76-->[com.google.android.gms:play-services-basement:16.1.0] AndroidManifest.xml:25:13-66
77    </application>
78
79</manifest>